This is pdfTeX, Version 3.14159265-2.6-1.40.17 (TeX Live 2016) (preloaded format=pdflatex 2016.9.11)  12 JAN 2019 19:55
entering extended mode
 restricted \write18 enabled.
 file:line:error style messages enabled.
 %&-line parsing enabled.
**T1.tex
(./T1.tex
LaTeX2e <2016/03/31>
Babel <3.9r> and hyphenation patterns for 83 language(s) loaded.
./T1.tex:8: Undefined control sequence.
l.8 \chapter
            {T1:ç»™å®šç”µè·å¯†åº¦çš„åˆ†å¸ƒå‡½æ•°,æ±‚è§£æ³Šæ¾æ–¹ç¨‹,å¾—åˆ°ç...

? 
./T1.tex:8: Emergency stop.
l.8 \chapter
            {T1:ç»™å®šç”µè·å¯†åº¦çš„åˆ†å¸ƒå‡½æ•°,æ±‚è§£æ³Šæ¾æ–¹ç¨‹,å¾—åˆ°ç...
End of file on the terminal!

 
Here is how much of TeX's memory you used:
 4 strings out of 493014
 105 string characters out of 6133351
 53601 words of memory out of 5000000
 3648 multiletter control sequences out of 15000+600000
 3640 words of font info for 14 fonts, out of 8000000 for 9000
 1141 hyphenation exceptions out of 8191
 5i,0n,1p,94b,8s stack positions out of 5000i,500n,10000p,200000b,80000s
./T1.tex:8:  ==> Fatal error occurred, no output PDF file produced!
